==> WARNING: mTLS is not configured - Nomad is not secure without mTLS!
==> Loaded configuration from /etc/nomad.d/client.hcl
==> Starting Nomad agent...
==> Nomad agent configuration:

       Advertise Addrs: HTTP: 192.168.56.6:4646
            Bind Addrs: HTTP: [0.0.0.0:4646]
                Client: true
             Log Level: INFO
                Region: global (DC: dc1)
                Server: false
               Version: 1.8.3

==> Nomad agent started! Log data will stream in below:

    2024-09-06T05:59:51.066Z [WARN]  agent.plugin_loader: skipping external plugins since plugin_dir doesn't exist: plugin_dir=/opt/nomad/data/plugins
    2024-09-06T05:59:51.076Z [INFO]  agent: detected plugin: name=exec type=driver plugin_version=0.1.0
    2024-09-06T05:59:51.076Z [INFO]  agent: detected plugin: name=qemu type=driver plugin_version=0.1.0
    2024-09-06T05:59:51.076Z [INFO]  agent: detected plugin: name=java type=driver plugin_version=0.1.0
    2024-09-06T05:59:51.076Z [INFO]  agent: detected plugin: name=docker type=driver plugin_version=0.1.0
    2024-09-06T05:59:51.076Z [INFO]  agent: detected plugin: name=raw_exec type=driver plugin_version=0.1.0
    2024-09-06T05:59:51.077Z [INFO]  client: using state directory: state_dir=/opt/nomad/data/client
    2024-09-06T05:59:51.099Z [INFO]  client: using alloc directory: alloc_dir=/opt/nomad/data/alloc
    2024-09-06T05:59:51.099Z [INFO]  client: using dynamic ports: min=20000 max=32000 reserved=""
    2024-09-06T05:59:51.151Z [INFO]  client.fingerprint_mgr.consul: consul agent is available: cluster=default
    2024-09-06T05:59:51.160Z [WARN]  client.fingerprint_mgr.landlock: failed to fingerprint kernel landlock feature: error="function not implemented"
    2024-09-06T05:59:51.169Z [WARN]  client.fingerprint_mgr.network: unable to parse speed: path=/sbin/ethtool device=lo
    2024-09-06T05:59:51.174Z [WARN]  client.fingerprint_mgr.network: unable to parse speed: path=/sbin/ethtool device=docker0
    2024-09-06T05:59:51.174Z [WARN]  client.fingerprint_mgr.cni_plugins: failed to read CNI plugins directory: cni_path=/opt/cni/bin error="open /opt/cni/bin: no such file or directory"
    2024-09-06T05:59:53.228Z [INFO]  client.proclib.cg1: initializing nomad cgroups: cores=0-1
    2024-09-06T05:59:53.248Z [INFO]  client.plugin: starting plugin manager: plugin-type=csi
    2024-09-06T05:59:53.248Z [INFO]  client.plugin: starting plugin manager: plugin-type=driver
    2024-09-06T05:59:53.248Z [INFO]  client.plugin: starting plugin manager: plugin-type=device
    2024-09-06T05:59:53.462Z [INFO]  client: started client: node_id=be3c2bb7-f162-7e91-f401-24b78980dc74
    2024-09-06T05:59:53.633Z [INFO]  client: node registration complete
    2024-09-06T06:00:00.249Z [INFO]  client: node registration complete
    2024-09-06T06:06:35.944Z [INFO]  client.alloc_runner.task_runner: Task event: alloc_id=d3fca620-b73d-92b8-efa7-b67a5d4102eb task=nginx type=Received msg="Task received by client" failed=false
    2024-09-06T06:06:35.980Z [INFO]  client.alloc_runner.task_runner: Task event: alloc_id=d3fca620-b73d-92b8-efa7-b67a5d4102eb task=nginx type="Task Setup" msg="Building Task Directory" failed=false
    2024-09-06T06:06:36.462Z [INFO]  client.alloc_runner.task_runner: Task event: alloc_id=d3fca620-b73d-92b8-efa7-b67a5d4102eb task=nginx type=Driver msg="Downloading image" failed=false
    2024-09-06T06:07:15.534Z [INFO]  client.driver_mgr.docker: created container: driver=docker container_id=cbcde7de214812d1dfa1359ad5055cf26a40f91c118803f2201dcc3487af42ef
    2024-09-06T06:07:17.910Z [INFO]  client.driver_mgr.docker: started container: driver=docker container_id=cbcde7de214812d1dfa1359ad5055cf26a40f91c118803f2201dcc3487af42ef
    2024-09-06T06:07:18.191Z [INFO]  client.alloc_runner.task_runner: Task event: alloc_id=d3fca620-b73d-92b8-efa7-b67a5d4102eb task=nginx type=Started msg="Task started by client" failed=false
    2024-09-06T06:19:10.189Z [INFO]  client.alloc_runner.task_runner: Task event: alloc_id=d3fca620-b73d-92b8-efa7-b67a5d4102eb task=nginx type=Killing msg="Sent interrupt. Waiting 5s before force killing" failed=false
    2024-09-06T06:19:10.852Z [INFO]  client.driver_mgr.docker: stopped container: container_id=cbcde7de214812d1dfa1359ad5055cf26a40f91c118803f2201dcc3487af42ef driver=docker
    2024-09-06T06:19:10.860Z [INFO]  client.alloc_runner.task_runner: Task event: alloc_id=d3fca620-b73d-92b8-efa7-b67a5d4102eb task=nginx type=Terminated msg="Exit Code: 0" failed=false
    2024-09-06T06:19:10.880Z [INFO]  client.driver_mgr.docker.docker_logger: plugin process exited: driver=docker plugin=/usr/local/bin/nomad id=5444
    2024-09-06T06:19:10.897Z [INFO]  client.alloc_runner.task_runner: Task event: alloc_id=d3fca620-b73d-92b8-efa7-b67a5d4102eb task=nginx type=Killed msg="Task successfully killed" failed=false
    2024-09-06T06:19:10.909Z [INFO]  client.alloc_runner.task_runner.task_hook.logmon: plugin process exited: alloc_id=d3fca620-b73d-92b8-efa7-b67a5d4102eb task=nginx plugin=/usr/local/bin/nomad id=5194
    2024-09-06T06:19:10.913Z [INFO]  client.gc: marking allocation for GC: alloc_id=d3fca620-b73d-92b8-efa7-b67a5d4102eb
    2024-09-06T06:21:33.623Z [ERROR] client: yamux: keepalive failed: i/o deadline reached
    2024-09-06T06:21:33.627Z [ERROR] client.rpc: error performing RPC to server: error="rpc error: EOF" rpc=Node.UpdateStatus server=192.168.56.4:4647
    2024-09-06T06:21:33.628Z [ERROR] client.rpc: error performing RPC to server which is not safe to automatically retry: error="rpc error: EOF" rpc=Node.UpdateStatus server=192.168.56.4:4647
    2024-09-06T06:21:33.627Z [ERROR] client.rpc: error performing RPC to server: error="rpc error: EOF" rpc=Node.GetClientAllocs server=192.168.56.4:4647
    2024-09-06T06:21:33.630Z [ERROR] client: error heartbeating. retrying: error="failed to update status: rpc error: EOF" period=1.367655521s
    2024-09-06T06:21:33.639Z [ERROR] client: error discovering nomad servers: error="client.consul: unable to query Consul datacenters: Unexpected response code: 500 (No known Consul servers)"
