==> WARNING: mTLS is not configured - Nomad is not secure without mTLS!
==> Loaded configuration from /etc/nomad.d/client.hcl
==> Starting Nomad agent...
==> Nomad agent configuration:

       Advertise Addrs: HTTP: 192.168.56.5:4646
            Bind Addrs: HTTP: [0.0.0.0:4646]
                Client: true
             Log Level: INFO
                Region: global (DC: dc1)
                Server: false
               Version: 1.8.3

==> Nomad agent started! Log data will stream in below:

    2024-09-06T05:56:59.576Z [WARN]  agent.plugin_loader: skipping external plugins since plugin_dir doesn't exist: plugin_dir=/opt/nomad/data/plugins
    2024-09-06T05:56:59.578Z [INFO]  agent: detected plugin: name=exec type=driver plugin_version=0.1.0
    2024-09-06T05:56:59.578Z [INFO]  agent: detected plugin: name=qemu type=driver plugin_version=0.1.0
    2024-09-06T05:56:59.578Z [INFO]  agent: detected plugin: name=java type=driver plugin_version=0.1.0
    2024-09-06T05:56:59.578Z [INFO]  agent: detected plugin: name=docker type=driver plugin_version=0.1.0
    2024-09-06T05:56:59.578Z [INFO]  agent: detected plugin: name=raw_exec type=driver plugin_version=0.1.0
    2024-09-06T05:56:59.578Z [INFO]  client: using state directory: state_dir=/opt/nomad/data/client
    2024-09-06T05:56:59.623Z [INFO]  client: using alloc directory: alloc_dir=/opt/nomad/data/alloc
    2024-09-06T05:56:59.623Z [INFO]  client: using dynamic ports: min=20000 max=32000 reserved=""
    2024-09-06T05:56:59.654Z [INFO]  client.fingerprint_mgr.consul: consul agent is available: cluster=default
    2024-09-06T05:56:59.667Z [WARN]  client.fingerprint_mgr.landlock: failed to fingerprint kernel landlock feature: error="function not implemented"
    2024-09-06T05:56:59.698Z [WARN]  client.fingerprint_mgr.network: unable to parse speed: path=/sbin/ethtool device=lo
    2024-09-06T05:56:59.707Z [WARN]  client.fingerprint_mgr.network: unable to parse speed: path=/sbin/ethtool device=docker0
    2024-09-06T05:56:59.708Z [WARN]  client.fingerprint_mgr.cni_plugins: failed to read CNI plugins directory: cni_path=/opt/cni/bin error="open /opt/cni/bin: no such file or directory"
    2024-09-06T05:57:01.854Z [INFO]  client.proclib.cg1: initializing nomad cgroups: cores=0-1
    2024-09-06T05:57:01.876Z [INFO]  client.plugin: starting plugin manager: plugin-type=csi
    2024-09-06T05:57:01.876Z [INFO]  client.plugin: starting plugin manager: plugin-type=driver
    2024-09-06T05:57:01.876Z [INFO]  client.plugin: starting plugin manager: plugin-type=device
    2024-09-06T05:57:02.025Z [INFO]  client: started client: node_id=762e3342-403f-05c9-8c1a-7dc903882d15
    2024-09-06T05:57:02.163Z [INFO]  client: node registration complete
    2024-09-06T05:57:07.553Z [INFO]  client: node registration complete
